<?xml version="1.0" encoding="UTF-8"?>
<testng-results ignored="0" total="1" passed="1" failed="0" skipped="0">
  <reporter-output>
  </reporter-output>
  <suite started-at="2021-05-29T10:01:26 IST" name="Default suite" finished-at="2021-05-29T10:01:55 IST" duration-ms="28801">
    <groups>
    </groups>
    <test started-at="2021-05-29T10:01:26 IST" name="Default test" finished-at="2021-05-29T10:01:55 IST" duration-ms="28801">
      <class name="pract.extendreport">
        <test-method is-config="true" signature="beforeclass()[pri:0, instance:pract.extendreport@36c88a32]" started-at="2021-05-29T10:01:26 IST" name="beforeclass" finished-at="2021-05-29T10:01:28 IST" duration-ms="2160" status="PASS">
          <reporter-output>
          </reporter-output>
        </test-method> <!-- beforeclass -->
        <test-method signature="create()[pri:0, instance:pract.extendreport@36c88a32]" started-at="2021-05-29T10:01:28 IST" name="create" finished-at="2021-05-29T10:01:53 IST" duration-ms="25105" status="PASS">
          <reporter-output>
          </reporter-output>
        </test-method> <!-- create -->
        <test-method is-config="true" signature="afterclass()[pri:0, instance:pract.extendreport@36c88a32]" started-at="2021-05-29T10:01:53 IST" name="afterclass" finished-at="2021-05-29T10:01:55 IST" duration-ms="1494" status="PASS">
          <reporter-output>
          </reporter-output>
        </test-method> <!-- afterclass -->
      </class> <!-- pract.extendreport -->
    </test> <!-- Default test -->
  </suite> <!-- Default suite -->
</testng-results>
